\BOOKMARK [0][-]{chapter.1}{\376\377\004\020\004\075\004\075\004\076\004\102\004\060\004\106\004\070\004\117}{}% 1
\BOOKMARK [0][-]{chapter.2}{\376\377\004\022\004\062\004\065\004\064\004\065\004\075\004\070\004\065}{}% 2
\BOOKMARK [1][-]{section.2.1}{\376\377\004\041\004\072\004\076\004\077\004\073\004\065\004\075\004\070\004\117\000\040\004\063\004\060\004\073\004\060\004\072\004\102\004\070\004\072}{chapter.2}% 3
\BOOKMARK [2][-]{subsection.2.1.1}{\376\377\004\037\004\100\004\070\004\107\004\070\004\075\004\113\000\040\004\064\004\073\004\117\000\040\004\070\004\067\004\103\004\107\004\065\004\075\004\070\004\117\000\040\004\101\004\072\004\076\004\077\004\073\004\065\004\075\004\070\004\071}{section.2.1}% 4
\BOOKMARK [2][-]{subsection.2.1.2}{\376\377\004\024\004\060\004\075\004\075\004\113\004\065\000\040\004\102\004\065\004\073\004\065\004\101\004\072\004\076\004\077\004\076\004\062\000\040\004\062\000\040\004\100\004\060\004\067\004\073\004\070\004\107\004\075\004\113\004\105\000\040\004\101\004\077\004\065\004\072\004\102\004\100\004\060\004\073\004\114\004\075\004\113\004\105\000\040\004\064\004\070\004\060\004\077\004\060\004\067\004\076\004\075\004\060\004\105}{section.2.1}% 5
\BOOKMARK [1][-]{section.2.2}{\376\377\004\035\004\065\004\071\004\100\004\076\004\101\004\065\004\102\004\065\004\062\004\113\004\065\000\040\004\074\004\065\004\102\004\076\004\064\004\113}{chapter.2}% 6
\BOOKMARK [1][-]{section.2.3}{\376\377\004\032\004\060\004\102\004\060\004\073\004\076\004\063\004\070\000\040\004\101\004\072\004\076\004\077\004\073\004\065\004\075\004\070\004\071}{chapter.2}% 7
\BOOKMARK [0][-]{chapter.3}{\376\377\004\037\004\076\004\101\004\102\004\060\004\075\004\076\004\062\004\072\004\060\000\040\004\067\004\060\004\064\004\060\004\107\004\070}{}% 8
\BOOKMARK [0][-]{chapter.4}{\376\377\004\036\004\061\004\067\004\076\004\100\000\040\004\101\004\103\004\111\004\065\004\101\004\102\004\062\004\103\004\116\004\111\004\070\004\105\000\040\004\100\004\065\004\110\004\065\004\075\004\070\004\071\000\040\004\100\004\060\004\101\004\101\004\074\004\060\004\102\004\100\004\070\004\062\004\060\004\065\004\074\004\076\004\071\000\040\004\067\004\060\004\064\004\060\004\107\004\070\000\040\004\070\004\073\004\070\000\040\004\065\004\121\000\040\004\074\004\076\004\064\004\070\004\104\004\070\004\072\004\060\004\106\004\070\004\071}{}% 9
\BOOKMARK [1][-]{section.4.1}{\376\377\004\041\004\065\004\063\004\074\004\065\004\075\004\102\004\060\004\106\004\070\004\117\000\040\004\070\000\040\004\064\004\065\004\102\004\065\004\072\004\106\004\070\004\117\000\040\004\064\004\060\004\075\004\075\004\113\004\105\000\040\004\074\004\070\004\072\004\100\004\076\004\062\004\076\004\073\004\075\004\076\004\062\004\076\004\063\004\076\000\040\004\064\004\070\004\060\004\077\004\060\004\067\004\076\004\075\004\060}{chapter.4}% 10
\BOOKMARK [1][-]{section.4.2}{\376\377\004\041\004\065\004\063\004\074\004\065\004\075\004\102\004\060\004\106\004\070\004\117\000\040\004\070\000\040\004\064\004\065\004\102\004\065\004\072\004\106\004\070\004\117\000\040\004\064\004\060\004\075\004\075\004\113\004\105\000\040\004\100\004\065\004\075\004\102\004\063\004\065\004\075\004\076\004\062\004\101\004\072\004\076\004\063\004\076\000\040\004\064\004\070\004\060\004\077\004\060\004\067\004\076\004\075\004\060}{chapter.4}% 11
\BOOKMARK [0][-]{chapter.5}{\376\377\004\030\004\101\004\101\004\073\004\065\004\064\004\076\004\062\004\060\004\075\004\070\004\065\000\040\004\070\000\040\004\077\004\076\004\101\004\102\004\100\004\076\004\065\004\075\004\070\004\065\000\040\004\100\004\065\004\110\004\065\004\075\004\070\004\117\000\040\004\067\004\060\004\064\004\060\004\107\004\070}{}% 12
\BOOKMARK [1][-]{section.5.1}{\376\377\004\037\004\073\004\060\004\075\000\040\004\100\004\060\004\061\004\076\004\102\004\113}{chapter.5}% 13
\BOOKMARK [1][-]{section.5.2}{\376\377\000U\000-\000n\000e\000t\000:\000\040\004\075\004\065\004\071\004\100\004\076\004\101\004\065\004\102\004\065\004\062\004\060\004\117\000\040\004\060\004\100\004\105\004\070\004\102\004\065\004\072\004\102\004\103\004\100\004\060\000\040\004\064\004\073\004\117\000\040\004\101\004\065\004\063\004\074\004\065\004\075\004\102\004\060\004\106\004\070\004\070\000\040\004\064\004\060\004\075\004\075\004\113\004\105}{chapter.5}% 14
\BOOKMARK [1][-]{section.5.3}{\376\377\004\036\004\101\004\076\004\061\004\065\004\075\004\075\004\076\004\101\004\102\004\070\000\040\004\064\004\060\004\075\004\075\004\113\004\105}{chapter.5}% 15
\BOOKMARK [1][-]{section.5.4}{\376\377\004\041\004\076\004\067\004\064\004\060\004\075\004\070\004\065\000\040\004\101\004\070\004\074\004\103\004\073\004\117\004\106\004\070\004\071}{chapter.5}% 16
\BOOKMARK [1][-]{section.5.5}{\376\377\004\036\004\061\004\100\004\060\004\061\004\076\004\102\004\072\004\060\000\040\004\064\004\060\004\075\004\075\004\113\004\105\000\040\000P\000S\0001}{chapter.5}% 17
\BOOKMARK [0][-]{chapter.6}{\376\377\004\037\004\100\004\076\004\061\004\073\004\065\004\074\004\060\000\040\004\077\004\100\004\076\004\065\004\072\004\106\004\070\004\070\000\040\004\075\004\065\004\061\004\060\000\040\004\075\004\060\000\040\004\077\004\073\004\076\004\101\004\072\004\076\004\101\004\102\004\114}{}% 18
\BOOKMARK [1][-]{section.6.1}{\376\377\000H\000E\000A\000L\000P\000i\000x}{chapter.6}% 19
\BOOKMARK [1][-]{section.6.2}{\376\377\004\042\004\060\004\075\004\063\004\065\004\075\004\106\004\070\004\060\004\073\004\114\004\075\004\060\004\117\000\040\004\077\004\100\004\076\004\065\004\072\004\106\004\070\004\117}{chapter.6}% 20
\BOOKMARK [0][-]{chapter.7}{\376\377\004\036\004\077\004\070\004\101\004\060\004\075\004\070\004\065\000\040\004\077\004\100\004\060\004\072\004\102\004\070\004\107\004\065\004\101\004\072\004\076\004\071\000\040\004\107\004\060\004\101\004\102\004\070}{}% 21
\BOOKMARK [1][-]{section.7.1}{\376\377\004\041\004\070\004\074\004\103\004\073\004\117\004\106\004\070\004\070\000\040\004\070\000\040\004\077\004\065\004\100\004\062\004\113\004\071\000\040\004\076\004\061\004\100\004\060\004\067\004\065\004\106\000\040\004\074\004\076\004\064\004\065\004\073\004\070}{chapter.7}% 22
\BOOKMARK [1][-]{section.7.2}{\376\377\004\036\004\061\004\100\004\060\004\061\004\076\004\102\004\072\004\060\000\040\004\072\004\060\004\102\004\060\004\073\004\076\004\063\004\060\000\040\004\101\004\072\004\076\004\077\004\073\004\065\004\075\004\070\004\071}{chapter.7}% 23
\BOOKMARK [1][-]{section.7.3}{\376\377\004\036\004\061\004\100\004\060\004\061\004\076\004\102\004\072\004\060\000\040\004\064\004\060\004\075\004\075\004\113\004\105\000\040\000P\000S\0001}{chapter.7}% 24
\BOOKMARK [0][-]{section*.12}{\376\377\004\027\004\060\004\072\004\073\004\116\004\107\004\065\004\075\004\070\004\065}{}% 25
\BOOKMARK [0][-]{section*.13}{\376\377\004\041\004\077\004\070\004\101\004\076\004\072\000\040\000\040\004\070\004\101\004\077\004\076\004\073\004\114\004\067\004\076\004\062\004\060\004\075\004\075\004\113\004\105\000\040\000\040\004\070\004\101\004\102\004\076\004\107\004\075\004\070\004\072\004\076\004\062}{}% 26
